warning: hard linking files in the incremental compilation cache failed. copying files instead. consider moving the cache directory to a file system which supports hard linking in session dir `/Volumes/T7 Shield/Development/Active_Projects/project/Project-Mimir/ro-ai-bridge/target/debug/incremental/mimir_core_ai-1nkuqguoj4wdq/s-hg20u98sk3-1cazewi-working`

warning: unused import: `Context`
 --> mimir-core-ai/src/services/mcp_client.rs:1:22
  |
1 | use anyhow::{Result, Context};
  |                      ^^^^^^^
  |
  = note: `#[warn(unused_imports)]` on by default

warning: unused imports: `AtomicFact`, `CoverageReport`, `QAPair`, and `WikiChunk`
 --> mimir-core-ai/src/qa_qc/indexer.rs:2:13
  |
2 | use super::{WikiChunk, QAPair, AtomicFact, CoverageReport};
  |             ^^^^^^^^^  ^^^^^^  ^^^^^^^^^^  ^^^^^^^^^^^^^^

warning: unused import: `rig::completion::Prompt`
 --> mimir-core-ai/src/qa_qc/indexer.rs:5:5
  |
5 | use rig::completion::Prompt;
  |     ^^^^^^^^^^^^^^^^^^^^^^^

warning: unused import: `chrono::Utc`
  --> mimir-core-ai/src/qa_qc/indexer.rs:11:5
   |
11 | use chrono::Utc;
   |     ^^^^^^^^^^^

warning: unused import: `Context`
 --> mimir-core-ai/src/qa_qc/clustering.rs:1:22
  |
1 | use anyhow::{Result, Context};
  |                      ^^^^^^^

warning: field `uri` is never read
  --> mimir-core-ai/src/services/mcp_client.rs:18:5
   |
17 | struct SseEndpointEvent {
   |        ---------------- field in this struct
18 |     uri: String,
   |     ^^^
   |
   = note: `SseEndpointEvent` has a derived impl for the trait `Debug`, but this is intentionally ignored during dead code analysis
   = note: `#[warn(dead_code)]` on by default

warning: field `id` is never read
  --> mimir-core-ai/src/services/mcp_client.rs:33:5
   |
30 | struct JsonRpcResponse {
   |        --------------- field in this struct
...
33 |     id: u64,
   |     ^^
   |
   = note: `JsonRpcResponse` has a derived impl for the trait `Debug`, but this is intentionally ignored during dead code analysis

warning: `mimir-core-ai` (lib) generated 8 warnings (run `cargo fix --lib -p mimir-core-ai` to apply 4 suggestions)
warning: hard linking files in the incremental compilation cache failed. copying files instead. consider moving the cache directory to a file system which supports hard linking in session dir `/Volumes/T7 Shield/Development/Active_Projects/project/Project-Mimir/ro-ai-bridge/target/debug/incremental/ro_ai_domain_game-1kw2iwqe50wsq/s-hg20ub8v9p-1qhkvra-working`

warning: unused import: `json`
 --> ro-ai-domain-game/src/api/rathena_gateway.rs:6:18
  |
6 | use serde_json::{json, Value};
  |                  ^^^^
  |
  = note: `#[warn(unused_imports)]` on by default

warning: unused import: `warn`
 --> ro-ai-domain-game/src/api/rathena_gateway.rs:7:28
  |
7 | use tracing::{info, error, warn};
  |                            ^^^^

warning: unused import: `super::*`
   --> ro-ai-domain-game/src/tools/rag_tools.rs:276:5
    |
276 | use super::*;
    |     ^^^^^^^^

warning: unused import: `std::sync::Arc`
   --> ro-ai-domain-game/src/tools/rag_tools.rs:277:5
    |
277 | use std::sync::Arc;
    |     ^^^^^^^^^^^^^^

warning: unused import: `tokio::sync::Mutex`
   --> ro-ai-domain-game/src/tools/rag_tools.rs:278:5
    |
278 | use tokio::sync::Mutex;
    |     ^^^^^^^^^^^^^^^^^^

warning: `ro-ai-domain-game` (lib) generated 6 warnings (run `cargo fix --lib -p ro-ai-domain-game` to apply 5 suggestions)
warning: hard linking files in the incremental compilation cache failed. copying files instead. consider moving the cache directory to a file system which supports hard linking in session dir `/Volumes/T7 Shield/Development/Active_Projects/project/Project-Mimir/ro-ai-bridge/target/debug/incremental/ro_ai_bridge-0q5n99bgcgmwj/s-hg20ucwcp8-0n1bqrh-working`

warning: unused import: `post`
 --> src/routes/iam.rs:6:35
  |
6 |     routing::{delete, get, patch, post},
  |                                   ^^^^
  |
  = note: `#[warn(unused_imports)]` on by default

warning: `ro-ai-bridge` (lib) generated 2 warnings (run `cargo fix --lib -p ro-ai-bridge` to apply 1 suggestion)
   Compiling ro-ai-bridge v0.1.0 (/Volumes/T7 Shield/Development/Active_Projects/project/Project-Mimir/ro-ai-bridge)
warning: hard linking files in the incremental compilation cache failed. copying files instead. consider moving the cache directory to a file system which supports hard linking in session dir `/Volumes/T7 Shield/Development/Active_Projects/project/Project-Mimir/ro-ai-bridge/target/debug/incremental/monitor-3aae7mibugkkb/s-hg22bevdp5-14uwskl-working`

warning: field `session_id` is never read
  --> src/bin/monitor.rs:63:5
   |
55 | struct ChatRequest {
   |        ----------- field in this struct
...
63 |     session_id: Option<String>,
   |     ^^^^^^^^^^
   |
   = note: `#[warn(dead_code)]` on by default

warning: `ro-ai-bridge` (bin "monitor") generated 2 warnings
    Finished `dev` profile [unoptimized + debuginfo] target(s) in 9.68s
     Running `target/debug/monitor`
[2m2026-02-23T03:53:22.485449Z[0m [32m INFO[0m [2mmimir_core_ai::services::db[0m[2m:[0m 🔌 Connecting to database: mysql://mimir:mimir_password@localhost:3306/ro_landverse
[2m2026-02-23T03:53:22.553051Z[0m [32m INFO[0m [2mmimir_core_ai::services::db[0m[2m:[0m ✅ Database migrations applied
[2m2026-02-23T03:53:22.560524Z[0m [32m INFO[0m [2mmonitor[0m[2m:[0m 🚀 Monitor API running on http://0.0.0.0:8080
